TN:
SF:src/apiCalls.js
FN:1,(anonymous_0)
FN:4,(anonymous_1)
FN:7,(anonymous_2)
FN:10,(anonymous_3)
FN:19,(anonymous_4)
FN:21,(anonymous_5)
FN:31,(anonymous_6)
FN:34,(anonymous_7)
FN:43,(anonymous_8)
FN:64,(anonymous_9)
FN:73,(anonymous_10)
FN:76,(anonymous_11)
FN:85,(anonymous_12)
FN:100,(anonymous_13)
FN:103,(anonymous_14)
FN:112,(anonymous_15)
FN:119,(anonymous_16)
FNF:17
FNH:0
FNDA:0,(anonymous_0)
FNDA:0,(anonymous_1)
FNDA:0,(anonymous_2)
FNDA:0,(anonymous_3)
FNDA:0,(anonymous_4)
FNDA:0,(anonymous_5)
FNDA:0,(anonymous_6)
FNDA:0,(anonymous_7)
FNDA:0,(anonymous_8)
FNDA:0,(anonymous_9)
FNDA:0,(anonymous_10)
FNDA:0,(anonymous_11)
FNDA:0,(anonymous_12)
FNDA:0,(anonymous_13)
FNDA:0,(anonymous_14)
FNDA:0,(anonymous_15)
FNDA:0,(anonymous_16)
DA:1,3
DA:2,0
DA:4,0
DA:7,3
DA:8,0
DA:11,0
DA:12,0
DA:14,0
DA:19,3
DA:20,0
DA:22,0
DA:23,0
DA:25,0
DA:31,3
DA:32,0
DA:35,0
DA:36,0
DA:38,0
DA:43,3
DA:51,0
DA:65,0
DA:66,0
DA:68,0
DA:73,3
DA:74,0
DA:77,0
DA:78,0
DA:80,0
DA:85,3
DA:86,0
DA:100,0
DA:103,3
DA:104,0
DA:113,0
DA:114,0
DA:119,3
DA:120,0
LF:37
LH:9
BRDA:11,0,0,0
BRDA:11,0,1,0
BRDA:22,1,0,0
BRDA:22,1,1,0
BRDA:35,2,0,0
BRDA:35,2,1,0
BRDA:65,3,0,0
BRDA:65,3,1,0
BRDA:77,4,0,0
BRDA:77,4,1,0
BRDA:113,5,0,0
BRDA:113,5,1,0
BRF:12
BRH:0
end_of_record
TN:
SF:src/genres.js
FNF:0
FNH:0
DA:1,1
LF:1
LH:1
BRF:0
BRH:0
end_of_record
TN:
SF:src/utility-functions.js
FN:1,(anonymous_0)
FN:2,(anonymous_1)
FN:11,(anonymous_2)
FN:12,(anonymous_3)
FNF:4
FNH:4
FNDA:5,(anonymous_0)
FNDA:5,(anonymous_1)
FNDA:1,(anonymous_2)
FNDA:2,(anonymous_3)
DA:1,2
DA:2,5
DA:3,5
DA:8,0
DA:11,2
DA:12,1
DA:13,2
DA:15,1
LF:8
LH:7
BRF:0
BRH:0
end_of_record
TN:
SF:src/components/GameDetailsScreen.js
FN:16,(anonymous_0)
FN:27,(anonymous_1)
FN:29,(anonymous_2)
FN:38,(anonymous_3)
FN:39,(anonymous_4)
FN:44,(anonymous_5)
FN:49,(anonymous_6)
FN:54,(anonymous_7)
FN:61,(anonymous_8)
FN:73,(anonymous_9)
FN:91,(anonymous_10)
FN:98,(anonymous_11)
FN:107,(anonymous_12)
FNF:13
FNH:5
FNDA:10,(anonymous_0)
FNDA:5,(anonymous_1)
FNDA:20,(anonymous_2)
FNDA:0,(anonymous_3)
FNDA:0,(anonymous_4)
FNDA:0,(anonymous_5)
FNDA:0,(anonymous_6)
FNDA:0,(anonymous_7)
FNDA:0,(anonymous_8)
FNDA:0,(anonymous_9)
FNDA:10,(anonymous_10)
FNDA:10,(anonymous_11)
FNDA:0,(anonymous_12)
DA:16,3
DA:24,10
DA:25,10
DA:27,10
DA:28,5
DA:29,5
DA:30,20
DA:32,5
DA:35,5
DA:38,10
DA:39,0
DA:40,0
DA:43,0
DA:45,0
DA:46,0
DA:47,0
DA:50,0
DA:54,10
DA:55,0
DA:62,0
DA:69,0
DA:70,0
DA:71,0
DA:74,0
DA:78,10
DA:92,10
DA:99,10
DA:107,0
DA:135,3
LF:29
LH:15
BRDA:28,0,0,5
BRDA:28,0,1,0
BRDA:78,1,0,10
BRDA:78,1,1,0
BRDA:113,2,0,10
BRDA:113,2,1,0
BRDA:115,3,0,10
BRDA:115,3,1,0
BRF:8
BRH:4
end_of_record
TN:
SF:src/components/GamesScreen.js
FN:18,(anonymous_0)
FN:24,(anonymous_1)
FN:28,(anonymous_2)
FN:31,(anonymous_3)
FN:37,(anonymous_4)
FN:39,(anonymous_5)
FN:40,(anonymous_6)
FN:53,(anonymous_7)
FN:83,(anonymous_8)
FN:88,(anonymous_9)
FNF:10
FNH:3
FNDA:4,(anonymous_0)
FNDA:4,(anonymous_1)
FNDA:0,(anonymous_2)
FNDA:0,(anonymous_3)
FNDA:0,(anonymous_4)
FNDA:0,(anonymous_5)
FNDA:0,(anonymous_6)
FNDA:0,(anonymous_7)
FNDA:16,(anonymous_8)
FNDA:0,(anonymous_9)
DA:18,1
DA:19,4
DA:20,4
DA:21,4
DA:22,4
DA:24,4
DA:25,4
DA:28,4
DA:29,0
DA:30,0
DA:32,0
DA:37,4
DA:38,0
DA:39,0
DA:41,0
DA:43,0
DA:44,0
DA:47,4
DA:54,0
DA:84,16
DA:88,0
DA:112,1
LF:22
LH:12
BRDA:57,0,0,0
BRDA:57,0,1,4
BRF:2
BRH:1
end_of_record
TN:
SF:src/components/LoadingModal.js
FN:4,(anonymous_0)
FNF:1
FNH:0
FNDA:0,(anonymous_0)
DA:4,3
DA:5,0
DA:16,3
LF:3
LH:2
BRF:0
BRH:0
end_of_record
TN:
SF:src/components/SearchGamesScreen.js
FN:19,(anonymous_0)
FN:31,(anonymous_1)
FN:36,(anonymous_2)
FN:40,(anonymous_3)
FN:44,(anonymous_4)
FN:45,(anonymous_5)
FN:47,(anonymous_6)
FN:65,(anonymous_7)
FN:72,(anonymous_8)
FN:73,(anonymous_9)
FN:86,(anonymous_10)
FN:129,(anonymous_11)
FN:134,(anonymous_12)
FN:146,(anonymous_13)
FN:151,(anonymous_14)
FN:182,(anonymous_15)
FNF:16
FNH:1
FNDA:5,(anonymous_0)
FNDA:0,(anonymous_1)
FNDA:0,(anonymous_2)
FNDA:0,(anonymous_3)
FNDA:0,(anonymous_4)
FNDA:0,(anonymous_5)
FNDA:0,(anonymous_6)
FNDA:0,(anonymous_7)
FNDA:0,(anonymous_8)
FNDA:0,(anonymous_9)
FNDA:0,(anonymous_10)
FNDA:0,(anonymous_11)
FNDA:0,(anonymous_12)
FNDA:0,(anonymous_13)
FNDA:0,(anonymous_14)
FNDA:0,(anonymous_15)
DA:19,1
DA:20,5
DA:21,5
DA:22,5
DA:23,5
DA:24,5
DA:25,5
DA:26,5
DA:27,5
DA:29,5
DA:31,5
DA:32,0
DA:33,0
DA:36,5
DA:37,0
DA:40,5
DA:41,0
DA:42,0
DA:43,0
DA:44,0
DA:45,0
DA:46,0
DA:47,0
DA:48,0
DA:50,0
DA:51,0
DA:52,0
DA:54,0
DA:55,0
DA:56,0
DA:59,0
DA:61,0
DA:65,5
DA:66,0
DA:67,0
DA:68,0
DA:69,0
DA:72,5
DA:73,0
DA:74,0
DA:76,0
DA:77,0
DA:80,5
DA:87,0
DA:129,0
DA:134,0
DA:147,0
DA:151,0
DA:182,0
DA:191,1
LF:50
LH:17
BRDA:42,0,0,0
BRDA:42,0,1,0
BRDA:46,1,0,0
BRDA:46,1,1,0
BRDA:90,2,0,0
BRDA:90,2,1,5
BRDA:111,3,0,5
BRDA:111,3,1,0
BRDA:138,4,0,5
BRDA:138,4,1,0
BRDA:139,5,0,0
BRDA:139,5,1,5
BRDA:139,6,0,5
BRDA:139,6,1,0
BRDA:140,7,0,0
BRDA:140,7,1,0
BRF:16
BRH:5
end_of_record
